<?xml version="1.0" encoding="UTF-8"?>
<!-- Generated by org.testng.reporters.JUnitReportReporter -->
<testsuite hostname="DESKTOP-1UOM3DC" name="seleniumtutorial.TestNG_TestSuite" tests="2" failures="0" timestamp="11 Sep 2016 18:13:30 GMT" time="28.881" errors="0">
  <testcase name="test2_fillAdvancedInfo" time="3.627" classname="seleniumtutorial.TestNG_TestSuite"/>
  <testcase name="test1_fillBasicInfo" time="25.254" classname="seleniumtutorial.TestNG_TestSuite"/>
</testsuite> <!-- seleniumtutorial.TestNG_TestSuite -->
