<?xml version="1.0" encoding="UTF-8"?>
<!-- Generated by org.testng.reporters.JUnitReportReporter -->
<testsuite hostname="DESKTOP-1UOM3DC" name="seleniumtutorial.FileUploadWindowsAutoIT" tests="1" failures="0" timestamp="6 Sep 2016 05:17:28 GMT" time="41.109" errors="0">
  <testcase name="fileUpload" time="41.109" classname="seleniumtutorial.FileUploadWindowsAutoIT"/>
</testsuite> <!-- seleniumtutorial.FileUploadWindowsAutoIT -->
