<?xml version="1.0" encoding="UTF-8"?>
<!-- Generated by org.testng.reporters.JUnitReportReporter -->
<testsuite hostname="DESKTOP-1UOM3DC" name="extenreports.SeleniumLoginTest" tests="1" failures="0" timestamp="4 Sep 2016 03:12:33 GMT" time="9.766" errors="0">
  <testcase name="test1_validLoginTest" time="9.766" classname="extenreports.SeleniumLoginTest"/>
</testsuite> <!-- extenreports.SeleniumLoginTest -->
