<?xml version="1.0" encoding="UTF-8"?>
<!-- Generated by org.testng.reporters.JUnitReportReporter -->
<testsuite hostname="DESKTOP-1UOM3DC" name="extenreports.Test2" tests="1" failures="0" timestamp="4 Sep 2016 17:21:44 GMT" time="0.017" errors="0">
  <testcase name="testMethod" time="0.017" classname="extenreports.Test2"/>
</testsuite> <!-- extenreports.Test2 -->
