<?xml version="1.0" encoding="UTF-8"?>
<!-- Generated by org.testng.reporters.JUnitReportReporter -->
<testsuite hostname="DESKTOP-1UOM3DC" name="seleniumtutorial.TestNG_MultiThreading" tests="1" failures="0" timestamp="3 Sep 2016 17:27:13 GMT" time="24.809" errors="0">
  <testcase name="testMethod" time="24.809" classname="seleniumtutorial.TestNG_MultiThreading"/>
</testsuite> <!-- seleniumtutorial.TestNG_MultiThreading -->
