<?xml version="1.0" encoding="UTF-8"?>
<!-- Generated by org.testng.reporters.JUnitReportReporter -->
<testsuite hostname="DESKTOP-1UOM3DC" name="seleniumtutorial.DatabaseTestingMongoDB" tests="1" failures="0" timestamp="13 Sep 2016 17:00:29 GMT" time="0.194" errors="0">
  <testcase name="test" time="0.194" classname="seleniumtutorial.DatabaseTestingMongoDB"/>
</testsuite> <!-- seleniumtutorial.DatabaseTestingMongoDB -->
