<?xml version="1.0" encoding="UTF-8"?>
<!-- Generated by org.testng.reporters.JUnitReportReporter -->
<testsuite hostname="DESKTOP-1UOM3DC" name="extenreports.LoginTest" tests="1" failures="0" timestamp="4 Sep 2016 18:40:45 GMT" time="6.762" errors="0">
  <testcase name="test1_validLoginTest" time="6.762" classname="extenreports.LoginTest"/>
</testsuite> <!-- extenreports.LoginTest -->
