<?xml version="1.0" encoding="UTF-8"?>
<!-- Generated by org.testng.reporters.JUnitReportReporter -->
<testsuite hostname="DESKTOP-1UOM3DC" name="seleniumtutorial.FileUploadWindows" tests="1" failures="0" timestamp="5 Sep 2016 19:59:50 GMT" time="25.976" errors="0">
  <testcase name="fileUpload" time="25.976" classname="seleniumtutorial.FileUploadWindows"/>
</testsuite> <!-- seleniumtutorial.FileUploadWindows -->
