<?xml version="1.0" encoding="UTF-8"?>
<!-- Generated by org.testng.reporters.JUnitReportReporter -->
<testsuite hostname="DESKTOP-1UOM3DC" name="seleniumtutorial.TestNG_MultiBrowserAndParallelTests" tests="2" failures="0" timestamp="2 Sep 2016 15:06:09 GMT" time="54.434" errors="0">
  <testcase name="searchFlights" time="20.690" classname="seleniumtutorial.TestNG_MultiBrowserAndParallelTests"/>
  <testcase name="searchFlights" time="33.744" classname="seleniumtutorial.TestNG_MultiBrowserAndParallelTests"/>
</testsuite> <!-- seleniumtutorial.TestNG_MultiBrowserAndParallelTests -->
