<?xml version="1.0" encoding="UTF-8"?>
<!-- Generated by org.testng.reporters.JUnitReportReporter -->
<testsuite hostname="DESKTOP-1UOM3DC" name="seleniumtutorial.PerformanceTesting" tests="1" failures="0" timestamp="13 Sep 2016 17:41:31 GMT" time="18.149" errors="0">
  <testcase name="searchFlight" time="18.149" classname="seleniumtutorial.PerformanceTesting"/>
</testsuite> <!-- seleniumtutorial.PerformanceTesting -->
