<?xml version="1.0" encoding="UTF-8"?>
<!-- Generated by org.testng.reporters.JUnitReportReporter -->
<testsuite hostname="DESKTOP-1UOM3DC" name="seleniumtutorial.TestNG_DependentTests" tests="2" failures="0" timestamp="1 Sep 2016 21:23:15 GMT" time="35.207" errors="0">
  <testcase name="selectMorningFlight" time="27.458" classname="seleniumtutorial.TestNG_DependentTests"/>
  <testcase name="searchFlights" time="7.749" classname="seleniumtutorial.TestNG_DependentTests"/>
</testsuite> <!-- seleniumtutorial.TestNG_DependentTests -->
