<?xml version="1.0" encoding="UTF-8"?>
<!-- Generated by org.testng.reporters.JUnitReportReporter -->
<testsuite hostname="DESKTOP-1UOM3DC" name="seleniumtutorial.TestNG_Prioritizing" tests="3" failures="0" timestamp="1 Sep 2016 22:10:47 GMT" time="0.039" errors="0">
  <testcase name="BMWX3" time="0.010" classname="seleniumtutorial.TestNG_Prioritizing"/>
  <testcase name="HondaAccord" time="0.008" classname="seleniumtutorial.TestNG_Prioritizing"/>
  <testcase name="BMW3Series" time="0.021" classname="seleniumtutorial.TestNG_Prioritizing"/>
</testsuite> <!-- seleniumtutorial.TestNG_Prioritizing -->
