<?xml version="1.0" encoding="UTF-8"?>
<!-- Generated by org.testng.reporters.JUnitReportReporter -->
<testsuite hostname="DESKTOP-1UOM3DC" name="seleniumtutorial.TestNG_ReportersAndAsserts" tests="3" failures="0" timestamp="1 Sep 2016 22:50:13 GMT" time="0.122" errors="0">
  <testcase name="testArrays" time="0.100" classname="seleniumtutorial.TestNG_ReportersAndAsserts"/>
  <testcase name="testStrings" time="0.014" classname="seleniumtutorial.TestNG_ReportersAndAsserts"/>
  <testcase name="testInt" time="0.008" classname="seleniumtutorial.TestNG_ReportersAndAsserts"/>
</testsuite> <!-- seleniumtutorial.TestNG_ReportersAndAsserts -->
