<?xml version="1.0" encoding="UTF-8"?>
<!-- Generated by org.testng.reporters.JUnitReportReporter -->
<testsuite hostname="DESKTOP-1UOM3DC" name="seleniumtutorial.TestNG_GoogleSearch" tests="1" failures="0" timestamp="3 Sep 2016 17:27:13 GMT" time="1.007" errors="0">
  <testcase name="searchText" time="1.007" classname="seleniumtutorial.TestNG_GoogleSearch"/>
</testsuite> <!-- seleniumtutorial.TestNG_GoogleSearch -->
