<?xml version="1.0" encoding="UTF-8"?>
<!-- Generated by org.testng.reporters.JUnitReportReporter -->
<testsuite hostname="DESKTOP-1UOM3DC" name="seleniumtutorial.TestNG_ParametersAndDataProviders" tests="2" failures="0" timestamp="2 Sep 2016 05:06:22 GMT" time="30.679" errors="0">
  <testcase name="searchFlightsWithMultiData" time="16.514" classname="seleniumtutorial.TestNG_ParametersAndDataProviders"/>
  <testcase name="searchFlightsWithMultiData" time="14.165" classname="seleniumtutorial.TestNG_ParametersAndDataProviders"/>
</testsuite> <!-- seleniumtutorial.TestNG_ParametersAndDataProviders -->
