<?xml version="1.0" encoding="UTF-8"?>
<!-- Generated by org.testng.reporters.JUnitReportReporter -->
<testsuite hostname="DESKTOP-1UOM3DC" name="seleniumtutorial.TestNG_Grouping" tests="4" failures="0" timestamp="1 Sep 2016 20:49:10 GMT" time="0.070" errors="0">
  <testcase name="AudiA6" time="0.041" classname="seleniumtutorial.TestNG_Grouping"/>
  <testcase name="BMW3Series" time="0.003" classname="seleniumtutorial.TestNG_Grouping"/>
  <testcase name="HondaAccord" time="0.017" classname="seleniumtutorial.TestNG_Grouping"/>
  <testcase name="BMWX3" time="0.009" classname="seleniumtutorial.TestNG_Grouping"/>
</testsuite> <!-- seleniumtutorial.TestNG_Grouping -->
