<?xml version="1.0" encoding="UTF-8"?>
<!-- Generated by org.testng.reporters.JUnitReportReporter -->
<testsuite hostname="DESKTOP-1UOM3DC" name="systeminteraction.WindowsAuthentication" tests="1" failures="0" timestamp="6 Sep 2016 16:10:33 GMT" time="66.656" errors="0">
  <testcase name="handleAuthenticationon" time="66.656" classname="systeminteraction.WindowsAuthentication"/>
</testsuite> <!-- systeminteraction.WindowsAuthentication -->
