<?xml version="1.0" encoding="UTF-8"?>
<!-- Generated by org.testng.reporters.JUnitReportReporter -->
<testsuite hostname="DESKTOP-1UOM3DC" name="seleniumtutorial.TestNG_TestCase" tests="1" failures="0" timestamp="2 Sep 2016 18:29:39 GMT" time="79.545" errors="0">
  <testcase name="testMethod" time="79.545" classname="seleniumtutorial.TestNG_TestCase"/>
</testsuite> <!-- seleniumtutorial.TestNG_TestCase -->
