<?xml version="1.0" encoding="UTF-8"?>
<!-- Generated by org.testng.reporters.JUnitReportReporter -->
<testsuite hostname="DESKTOP-1UOM3DC" name="datadriven.UsingExcel" tests="2" failures="0" timestamp="5 Sep 2016 02:31:23 GMT" time="15.435" errors="0">
  <testcase name="testUsingExcel" time="6.645" classname="datadriven.UsingExcel"/>
  <testcase name="testUsingExcel" time="8.790" classname="datadriven.UsingExcel"/>
</testsuite> <!-- datadriven.UsingExcel -->
